# JRE version: OpenJDK Runtime Environment (17.0.10) (build 17.0.10+0--11572160)
# Java VM: OpenJDK 64-Bit Server VM (17.0.10+0--11572160, mixed mode, tiered, compressed oops, compressed class ptrs, g1 gc, windows-amd64)
GC Precious Log:
 CPUs: 12 total, 12 available
 Memory: 6005M
 Large Page Support: Disabled
 NUMA Support: Disabled
 Compressed Oops: Enabled (32-bit)
 Heap Region Size: 1M
 Heap Min Capacity: 8M
 Heap Initial Capacity: 94M
 Heap Max Capacity: 1502M
 Pre-touch: Disabled
 Parallel Workers: 10
 Concurrent Workers: 3
 Concurrent Refinement Workers: 10
 Periodic GC: Disabled
Heap:
 garbage-first heap   total 294912K, used 165384K [0x00000000a2200000, 0x0000000100000000)
  region size 1024K, 8 young (8192K), 8 survivors (8192K)
 Metaspace       used 92031K, committed 92224K, reserved 1179648K
  class space    used 9832K, committed 9920K, reserved 1048576K
GC Heap History (20 events):
Event: 13.798 GC heap after
{Heap after GC invocations=29 (full 0):
 garbage-first heap   total 147456K, used 86561K [0x00000000a2200000, 0x0000000100000000)
  region size 1024K, 1 young (1024K), 1 survivors (1024K)
 Metaspace       used 66998K, committed 67264K, reserved 1114112K
  class space    used 7645K, committed 7744K, reserved 1048576K
}
Event: 14.356 GC heap before
{Heap before GC invocations=29 (full 0):
 garbage-first heap   total 147456K, used 121377K [0x00000000a2200000, 0x0000000100000000)
  region size 1024K, 35 young (35840K), 1 survivors (1024K)
 Metaspace       used 73010K, committed 73216K, reserved 1114112K
  class space    used 8296K, committed 8384K, reserved 1048576K
}
Event: 14.394 GC heap after
{Heap after GC invocations=30 (full 0):
 garbage-first heap   total 294912K, used 88270K [0x00000000a2200000, 0x0000000100000000)
  region size 1024K, 3 young (3072K), 3 survivors (3072K)
 Metaspace       used 73010K, committed 73216K, reserved 1114112K
  class space    used 8296K, committed 8384K, reserved 1048576K
}
Event: 15.461 GC heap before
{Heap before GC invocations=30 (full 0):
 garbage-first heap   total 294912K, used 229582K [0x00000000a2200000, 0x0000000100000000)
  region size 1024K, 141 young (144384K), 3 survivors (3072K)
 Metaspace       used 74223K, committed 74432K, reserved 1179648K
  class space    used 8371K, committed 8448K, reserved 1048576K
}
Event: 15.473 GC heap after
{Heap after GC invocations=31 (full 0):
 garbage-first heap   total 294912K, used 98131K [0x00000000a2200000, 0x0000000100000000)
  region size 1024K, 12 young (12288K), 12 survivors (12288K)
 Metaspace       used 74223K, committed 74432K, reserved 1179648K
  class space    used 8371K, committed 8448K, reserved 1048576K
}
Event: 16.583 GC heap before
{Heap before GC invocations=31 (full 0):
 garbage-first heap   total 294912K, used 228179K [0x00000000a2200000, 0x0000000100000000)
  region size 1024K, 139 young (142336K), 12 survivors (12288K)
 Metaspace       used 76975K, committed 77248K, reserved 1179648K
  class space    used 8612K, committed 8704K, reserved 1048576K
}
Event: 16.700 GC heap after
{Heap after GC invocations=32 (full 0):
 garbage-first heap   total 294912K, used 117966K [0x00000000a2200000, 0x0000000100000000)
  region size 1024K, 18 young (18432K), 18 survivors (18432K)
 Metaspace       used 76975K, committed 77248K, reserved 1179648K
  class space    used 8612K, committed 8704K, reserved 1048576K
}
Event: 17.856 GC heap before
{Heap before GC invocations=32 (full 0):
 garbage-first heap   total 294912K, used 226510K [0x00000000a2200000, 0x0000000100000000)
  region size 1024K, 123 young (125952K), 18 survivors (18432K)
 Metaspace       used 83868K, committed 84160K, reserved 1179648K
  class space    used 9345K, committed 9472K, reserved 1048576K
}
Event: 17.900 GC heap after
{Heap after GC invocations=33 (full 0):
 garbage-first heap   total 294912K, used 141645K [0x00000000a2200000, 0x0000000100000000)
  region size 1024K, 16 young (16384K), 16 survivors (16384K)
 Metaspace       used 83868K, committed 84160K, reserved 1179648K
  class space    used 9345K, committed 9472K, reserved 1048576K
}
Event: 18.724 GC heap before
{Heap before GC invocations=33 (full 0):
 garbage-first heap   total 294912K, used 228685K [0x00000000a2200000, 0x0000000100000000)
  region size 1024K, 101 young (103424K), 16 survivors (16384K)
 Metaspace       used 85752K, committed 86016K, reserved 1179648K
  class space    used 9427K, committed 9536K, reserved 1048576K
}
Event: 18.740 GC heap after
{Heap after GC invocations=34 (full 0):
 garbage-first heap   total 294912K, used 147456K [0x00000000a2200000, 0x0000000100000000)
  region size 1024K, 4 young (4096K), 4 survivors (4096K)
 Metaspace       used 85752K, committed 86016K, reserved 1179648K
  class space    used 9427K, committed 9536K, reserved 1048576K
}
Event: 19.223 GC heap before
{Heap before GC invocations=34 (full 0):
 garbage-first heap   total 294912K, used 235520K [0x00000000a2200000, 0x0000000100000000)
  region size 1024K, 90 young (92160K), 4 survivors (4096K)
 Metaspace       used 86119K, committed 86400K, reserved 1179648K
  class space    used 9435K, committed 9536K, reserved 1048576K
}
Event: 19.233 GC heap after
{Heap after GC invocations=35 (full 0):
 garbage-first heap   total 294912K, used 147651K [0x00000000a2200000, 0x0000000100000000)
  region size 1024K, 5 young (5120K), 5 survivors (5120K)
 Metaspace       used 86119K, committed 86400K, reserved 1179648K
  class space    used 9435K, committed 9536K, reserved 1048576K
}
Event: 20.296 GC heap before
{Heap before GC invocations=35 (full 0):
 garbage-first heap   total 294912K, used 238787K [0x00000000a2200000, 0x0000000100000000)
  region size 1024K, 94 young (96256K), 5 survivors (5120K)
 Metaspace       used 90847K, committed 91072K, reserved 1179648K
  class space    used 9790K, committed 9920K, reserved 1048576K
}
Event: 20.307 GC heap after
{Heap after GC invocations=36 (full 0):
 garbage-first heap   total 294912K, used 153442K [0x00000000a2200000, 0x0000000100000000)
  region size 1024K, 9 young (9216K), 9 survivors (9216K)
 Metaspace       used 90847K, committed 91072K, reserved 1179648K
  class space    used 9790K, committed 9920K, reserved 1048576K
}
Event: 21.592 GC heap before
{Heap before GC invocations=36 (full 0):
 garbage-first heap   total 294912K, used 242530K [0x00000000a2200000, 0x0000000100000000)
  region size 1024K, 96 young (98304K), 9 survivors (9216K)
 Metaspace       used 91702K, committed 91904K, reserved 1179648K
  class space    used 9831K, committed 9920K, reserved 1048576K
}
Event: 21.617 GC heap after
{Heap after GC invocations=37 (full 0):
 garbage-first heap   total 294912K, used 157849K [0x00000000a2200000, 0x0000000100000000)
  region size 1024K, 10 young (10240K), 10 survivors (10240K)
 Metaspace       used 91702K, committed 91904K, reserved 1179648K
  class space    used 9831K, committed 9920K, reserved 1048576K
}
Event: 22.061 GC heap before
{Heap before GC invocations=37 (full 0):
 garbage-first heap   total 294912K, used 244889K [0x00000000a2200000, 0x0000000100000000)
  region size 1024K, 95 young (97280K), 10 survivors (10240K)
 Metaspace       used 91939K, committed 92160K, reserved 1179648K
  class space    used 9831K, committed 9920K, reserved 1048576K
}
Event: 22.077 GC heap after
{Heap after GC invocations=38 (full 0):
 garbage-first heap   total 294912K, used 161652K [0x00000000a2200000, 0x0000000100000000)
  region size 1024K, 9 young (9216K), 9 survivors (9216K)
 Metaspace       used 91939K, committed 92160K, reserved 1179648K
  class space    used 9831K, committed 9920K, reserved 1048576K
}
Event: 22.508 GC heap before
{Heap before GC invocations=38 (full 0):
 garbage-first heap   total 294912K, used 246644K [0x00000000a2200000, 0x0000000100000000)
  region size 1024K, 92 young (94208K), 9 survivors (9216K)
 Metaspace       used 92031K, committed 92224K, reserved 1179648K
  class space    used 9832K, committed 9920K, reserved 1048576K
}

