# JRE version: OpenJDK Runtime Environment (17.0.10) (build 17.0.10+0--11572160)
# Java VM: OpenJDK 64-Bit Server VM (17.0.10+0--11572160, mixed mode, tiered, compressed oops, compressed class ptrs, g1 gc, windows-amd64)
GC Precious Log:
 CPUs: 12 total, 12 available
 Memory: 6005M
 Large Page Support: Disabled
 NUMA Support: Disabled
 Compressed Oops: Enabled (32-bit)
 Heap Region Size: 1M
 Heap Min Capacity: 8M
 Heap Initial Capacity: 94M
 Heap Max Capacity: 1502M
 Pre-touch: Disabled
 Parallel Workers: 10
 Concurrent Workers: 3
 Concurrent Refinement Workers: 10
 Periodic GC: Disabled
Heap:
 garbage-first heap   total 178176K, used 109112K [0x00000000a2200000, 0x0000000100000000)
  region size 1024K, 7 young (7168K), 7 survivors (7168K)
 Metaspace       used 75669K, committed 75968K, reserved 1179648K
  class space    used 8509K, committed 8640K, reserved 1048576K
GC Heap History (20 events):
Event: 25.816 GC heap after
{Heap after GC invocations=19 (full 0):
 garbage-first heap   total 178176K, used 61536K [0x00000000a2200000, 0x0000000100000000)
  region size 1024K, 10 young (10240K), 10 survivors (10240K)
 Metaspace       used 55565K, committed 55808K, reserved 1114112K
  class space    used 6480K, committed 6592K, reserved 1048576K
}
Event: 25.843 GC heap before
{Heap before GC invocations=19 (full 0):
 garbage-first heap   total 178176K, used 62560K [0x00000000a2200000, 0x0000000100000000)
  region size 1024K, 11 young (11264K), 10 survivors (10240K)
 Metaspace       used 55695K, committed 55936K, reserved 1114112K
  class space    used 6502K, committed 6592K, reserved 1048576K
}
Event: 25.853 GC heap after
{Heap after GC invocations=20 (full 0):
 garbage-first heap   total 178176K, used 62102K [0x00000000a2200000, 0x0000000100000000)
  region size 1024K, 2 young (2048K), 2 survivors (2048K)
 Metaspace       used 55695K, committed 55936K, reserved 1114112K
  class space    used 6502K, committed 6592K, reserved 1048576K
}
Event: 27.692 GC heap before
{Heap before GC invocations=20 (full 0):
 garbage-first heap   total 178176K, used 125590K [0x00000000a2200000, 0x0000000100000000)
  region size 1024K, 64 young (65536K), 2 survivors (2048K)
 Metaspace       used 58542K, committed 58752K, reserved 1114112K
  class space    used 6691K, committed 6784K, reserved 1048576K
}
Event: 27.705 GC heap after
{Heap after GC invocations=21 (full 0):
 garbage-first heap   total 178176K, used 70436K [0x00000000a2200000, 0x0000000100000000)
  region size 1024K, 8 young (8192K), 8 survivors (8192K)
 Metaspace       used 58542K, committed 58752K, reserved 1114112K
  class space    used 6691K, committed 6784K, reserved 1048576K
}
Event: 30.026 GC heap before
{Heap before GC invocations=21 (full 0):
 garbage-first heap   total 178176K, used 132900K [0x00000000a2200000, 0x0000000100000000)
  region size 1024K, 67 young (68608K), 8 survivors (8192K)
 Metaspace       used 60961K, committed 61184K, reserved 1114112K
  class space    used 6823K, committed 6912K, reserved 1048576K
}
Event: 30.039 GC heap after
{Heap after GC invocations=22 (full 0):
 garbage-first heap   total 178176K, used 79698K [0x00000000a2200000, 0x0000000100000000)
  region size 1024K, 7 young (7168K), 7 survivors (7168K)
 Metaspace       used 60961K, committed 61184K, reserved 1114112K
  class space    used 6823K, committed 6912K, reserved 1048576K
}
Event: 31.866 GC heap before
{Heap before GC invocations=22 (full 0):
 garbage-first heap   total 178176K, used 136018K [0x00000000a2200000, 0x0000000100000000)
  region size 1024K, 62 young (63488K), 7 survivors (7168K)
 Metaspace       used 61536K, committed 61824K, reserved 1114112K
  class space    used 6839K, committed 6976K, reserved 1048576K
}
Event: 31.880 GC heap after
{Heap after GC invocations=23 (full 0):
 garbage-first heap   total 178176K, used 86982K [0x00000000a2200000, 0x0000000100000000)
  region size 1024K, 7 young (7168K), 7 survivors (7168K)
 Metaspace       used 61536K, committed 61824K, reserved 1114112K
  class space    used 6839K, committed 6976K, reserved 1048576K
}
Event: 32.880 GC heap before
{Heap before GC invocations=23 (full 0):
 garbage-first heap   total 178176K, used 140230K [0x00000000a2200000, 0x0000000100000000)
  region size 1024K, 59 young (60416K), 7 survivors (7168K)
 Metaspace       used 67267K, committed 67520K, reserved 1114112K
  class space    used 7662K, committed 7744K, reserved 1048576K
}
Event: 32.891 GC heap after
{Heap after GC invocations=24 (full 0):
 garbage-first heap   total 178176K, used 91110K [0x00000000a2200000, 0x0000000100000000)
  region size 1024K, 4 young (4096K), 4 survivors (4096K)
 Metaspace       used 67267K, committed 67520K, reserved 1114112K
  class space    used 7662K, committed 7744K, reserved 1048576K
}
Event: 33.886 GC heap before
{Heap before GC invocations=24 (full 0):
 garbage-first heap   total 178176K, used 142310K [0x00000000a2200000, 0x0000000100000000)
  region size 1024K, 54 young (55296K), 4 survivors (4096K)
 Metaspace       used 73994K, committed 74240K, reserved 1179648K
  class space    used 8371K, committed 8448K, reserved 1048576K
}
Event: 33.895 GC heap after
{Heap after GC invocations=25 (full 0):
 garbage-first heap   total 178176K, used 94532K [0x00000000a2200000, 0x0000000100000000)
  region size 1024K, 7 young (7168K), 7 survivors (7168K)
 Metaspace       used 73994K, committed 74240K, reserved 1179648K
  class space    used 8371K, committed 8448K, reserved 1048576K
}
Event: 34.342 GC heap before
{Heap before GC invocations=25 (full 0):
 garbage-first heap   total 178176K, used 144708K [0x00000000a2200000, 0x0000000100000000)
  region size 1024K, 56 young (57344K), 7 survivors (7168K)
 Metaspace       used 74238K, committed 74496K, reserved 1179648K
  class space    used 8373K, committed 8448K, reserved 1048576K
}
Event: 34.352 GC heap after
{Heap after GC invocations=26 (full 0):
 garbage-first heap   total 178176K, used 98385K [0x00000000a2200000, 0x0000000100000000)
  region size 1024K, 4 young (4096K), 4 survivors (4096K)
 Metaspace       used 74238K, committed 74496K, reserved 1179648K
  class space    used 8373K, committed 8448K, reserved 1048576K
}
Event: 34.632 GC heap before
{Heap before GC invocations=26 (full 0):
 garbage-first heap   total 178176K, used 145489K [0x00000000a2200000, 0x0000000100000000)
  region size 1024K, 50 young (51200K), 4 survivors (4096K)
 Metaspace       used 74299K, committed 74560K, reserved 1179648K
  class space    used 8373K, committed 8448K, reserved 1048576K
}
Event: 34.638 GC heap after
{Heap after GC invocations=27 (full 0):
 garbage-first heap   total 178176K, used 101042K [0x00000000a2200000, 0x0000000100000000)
  region size 1024K, 7 young (7168K), 7 survivors (7168K)
 Metaspace       used 74299K, committed 74560K, reserved 1179648K
  class space    used 8373K, committed 8448K, reserved 1048576K
}
Event: 34.908 GC heap before
{Heap before GC invocations=27 (full 0):
 garbage-first heap   total 178176K, used 147122K [0x00000000a2200000, 0x0000000100000000)
  region size 1024K, 52 young (53248K), 7 survivors (7168K)
 Metaspace       used 74349K, committed 74560K, reserved 1179648K
  class space    used 8374K, committed 8448K, reserved 1048576K
}
Event: 34.916 GC heap after
{Heap after GC invocations=28 (full 0):
 garbage-first heap   total 178176K, used 104185K [0x00000000a2200000, 0x0000000100000000)
  region size 1024K, 7 young (7168K), 7 survivors (7168K)
 Metaspace       used 74349K, committed 74560K, reserved 1179648K
  class space    used 8374K, committed 8448K, reserved 1048576K
}
Event: 35.377 GC heap before
{Heap before GC invocations=28 (full 0):
 garbage-first heap   total 178176K, used 148217K [0x00000000a2200000, 0x0000000100000000)
  region size 1024K, 50 young (51200K), 7 survivors (7168K)
 Metaspace       used 75669K, committed 75968K, reserved 1179648K
  class space    used 8509K, committed 8640K, reserved 1048576K
}

