# JRE version: OpenJDK Runtime Environment (17.0.10) (build 17.0.10+0--11572160)
# Java VM: OpenJDK 64-Bit Server VM (17.0.10+0--11572160, mixed mode, tiered, compressed oops, compressed class ptrs, g1 gc, windows-amd64)
GC Precious Log:
 CPUs: 12 total, 12 available
 Memory: 6005M
 Large Page Support: Disabled
 NUMA Support: Disabled
 Compressed Oops: Enabled (32-bit)
 Heap Region Size: 1M
 Heap Min Capacity: 8M
 Heap Initial Capacity: 94M
 Heap Max Capacity: 1502M
 Pre-touch: Disabled
 Parallel Workers: 10
 Concurrent Workers: 3
 Concurrent Refinement Workers: 10
 Periodic GC: Disabled
Heap:
 garbage-first heap   total 225280K, used 87536K [0x00000000a2200000, 0x0000000100000000)
  region size 1024K, 2 young (2048K), 2 survivors (2048K)
 Metaspace       used 73530K, committed 73792K, reserved 1179648K
  class space    used 8336K, committed 8448K, reserved 1048576K
GC Heap History (20 events):
Event: 25.177 GC heap after
{Heap after GC invocations=18 (full 0):
 garbage-first heap   total 106496K, used 59059K [0x00000000a2200000, 0x0000000100000000)
  region size 1024K, 2 young (2048K), 2 survivors (2048K)
 Metaspace       used 55530K, committed 55808K, reserved 1114112K
  class space    used 6475K, committed 6592K, reserved 1048576K
}
Event: 28.810 GC heap before
{Heap before GC invocations=19 (full 0):
 garbage-first heap   total 106496K, used 83635K [0x00000000a2200000, 0x0000000100000000)
  region size 1024K, 27 young (27648K), 2 survivors (2048K)
 Metaspace       used 56631K, committed 56832K, reserved 1114112K
  class space    used 6551K, committed 6656K, reserved 1048576K
}
Event: 28.822 GC heap after
{Heap after GC invocations=20 (full 0):
 garbage-first heap   total 106496K, used 62909K [0x00000000a2200000, 0x0000000100000000)
  region size 1024K, 4 young (4096K), 4 survivors (4096K)
 Metaspace       used 56631K, committed 56832K, reserved 1114112K
  class space    used 6551K, committed 6656K, reserved 1048576K
}
Event: 28.872 GC heap before
{Heap before GC invocations=20 (full 0):
 garbage-first heap   total 106496K, used 63933K [0x00000000a2200000, 0x0000000100000000)
  region size 1024K, 5 young (5120K), 4 survivors (4096K)
 Metaspace       used 56748K, committed 56960K, reserved 1114112K
  class space    used 6563K, committed 6656K, reserved 1048576K
}
Event: 28.894 GC heap after
{Heap after GC invocations=21 (full 0):
 garbage-first heap   total 106496K, used 61552K [0x00000000a2200000, 0x0000000100000000)
  region size 1024K, 1 young (1024K), 1 survivors (1024K)
 Metaspace       used 56748K, committed 56960K, reserved 1114112K
  class space    used 6563K, committed 6656K, reserved 1048576K
}
Event: 29.642 GC heap before
{Heap before GC invocations=21 (full 0):
 garbage-first heap   total 106496K, used 84080K [0x00000000a2200000, 0x0000000100000000)
  region size 1024K, 23 young (23552K), 1 survivors (1024K)
 Metaspace       used 57968K, committed 58240K, reserved 1114112K
  class space    used 6657K, committed 6784K, reserved 1048576K
}
Event: 29.653 GC heap after
{Heap after GC invocations=22 (full 0):
 garbage-first heap   total 106496K, used 65310K [0x00000000a2200000, 0x0000000100000000)
  region size 1024K, 3 young (3072K), 3 survivors (3072K)
 Metaspace       used 57968K, committed 58240K, reserved 1114112K
  class space    used 6657K, committed 6784K, reserved 1048576K
}
Event: 30.602 GC heap before
{Heap before GC invocations=23 (full 0):
 garbage-first heap   total 111616K, used 85790K [0x00000000a2200000, 0x0000000100000000)
  region size 1024K, 23 young (23552K), 3 survivors (3072K)
 Metaspace       used 59089K, committed 59392K, reserved 1114112K
  class space    used 6720K, committed 6848K, reserved 1048576K
}
Event: 30.617 GC heap after
{Heap after GC invocations=24 (full 0):
 garbage-first heap   total 111616K, used 67959K [0x00000000a2200000, 0x0000000100000000)
  region size 1024K, 3 young (3072K), 3 survivors (3072K)
 Metaspace       used 59089K, committed 59392K, reserved 1114112K
  class space    used 6720K, committed 6848K, reserved 1048576K
}
Event: 30.733 GC heap before
{Heap before GC invocations=24 (full 0):
 garbage-first heap   total 111616K, used 70007K [0x00000000a2200000, 0x0000000100000000)
  region size 1024K, 5 young (5120K), 3 survivors (3072K)
 Metaspace       used 59378K, committed 59648K, reserved 1114112K
  class space    used 6751K, committed 6848K, reserved 1048576K
}
Event: 30.791 GC heap after
{Heap after GC invocations=25 (full 0):
 garbage-first heap   total 225280K, used 67810K [0x00000000a2200000, 0x0000000100000000)
  region size 1024K, 1 young (1024K), 1 survivors (1024K)
 Metaspace       used 59378K, committed 59648K, reserved 1114112K
  class space    used 6751K, committed 6848K, reserved 1048576K
}
Event: 35.570 GC heap before
{Heap before GC invocations=25 (full 0):
 garbage-first heap   total 225280K, used 168162K [0x00000000a2200000, 0x0000000100000000)
  region size 1024K, 97 young (99328K), 1 survivors (1024K)
 Metaspace       used 64855K, committed 65152K, reserved 1114112K
  class space    used 7351K, committed 7488K, reserved 1048576K
}
Event: 36.012 GC heap after
{Heap after GC invocations=26 (full 0):
 garbage-first heap   total 225280K, used 80823K [0x00000000a2200000, 0x0000000100000000)
  region size 1024K, 12 young (12288K), 12 survivors (12288K)
 Metaspace       used 64855K, committed 65152K, reserved 1114112K
  class space    used 7351K, committed 7488K, reserved 1048576K
}
Event: 38.569 GC heap before
{Heap before GC invocations=26 (full 0):
 garbage-first heap   total 225280K, used 97207K [0x00000000a2200000, 0x0000000100000000)
  region size 1024K, 28 young (28672K), 12 survivors (12288K)
 Metaspace       used 66236K, committed 66496K, reserved 1114112K
  class space    used 7587K, committed 7680K, reserved 1048576K
}
Event: 38.593 GC heap after
{Heap after GC invocations=27 (full 0):
 garbage-first heap   total 225280K, used 83707K [0x00000000a2200000, 0x0000000100000000)
  region size 1024K, 3 young (3072K), 3 survivors (3072K)
 Metaspace       used 66236K, committed 66496K, reserved 1114112K
  class space    used 7587K, committed 7680K, reserved 1048576K
}
Event: 53.144 GC heap before
{Heap before GC invocations=27 (full 0):
 garbage-first heap   total 225280K, used 144123K [0x00000000a2200000, 0x0000000100000000)
  region size 1024K, 62 young (63488K), 3 survivors (3072K)
 Metaspace       used 73087K, committed 73280K, reserved 1179648K
  class space    used 8306K, committed 8384K, reserved 1048576K
}
Event: 54.251 GC heap after
{Heap after GC invocations=28 (full 0):
 garbage-first heap   total 225280K, used 85903K [0x00000000a2200000, 0x0000000100000000)
  region size 1024K, 6 young (6144K), 6 survivors (6144K)
 Metaspace       used 73087K, committed 73280K, reserved 1179648K
  class space    used 8306K, committed 8384K, reserved 1048576K
}
Event: 54.455 GC heap before
{Heap before GC invocations=28 (full 0):
 garbage-first heap   total 225280K, used 91023K [0x00000000a2200000, 0x0000000100000000)
  region size 1024K, 11 young (11264K), 6 survivors (6144K)
 Metaspace       used 73185K, committed 73408K, reserved 1179648K
  class space    used 8308K, committed 8384K, reserved 1048576K
}
Event: 54.462 GC heap after
{Heap after GC invocations=29 (full 0):
 garbage-first heap   total 225280K, used 86868K [0x00000000a2200000, 0x0000000100000000)
  region size 1024K, 1 young (1024K), 1 survivors (1024K)
 Metaspace       used 73185K, committed 73408K, reserved 1179648K
  class space    used 8308K, committed 8384K, reserved 1048576K
}
Event: 56.646 GC heap before
{Heap before GC invocations=29 (full 0):
 garbage-first heap   total 225280K, used 97108K [0x00000000a2200000, 0x0000000100000000)
  region size 1024K, 11 young (11264K), 1 survivors (1024K)
 Metaspace       used 73530K, committed 73792K, reserved 1179648K
  class space    used 8336K, committed 8448K, reserved 1048576K
}

