# JRE version: OpenJDK Runtime Environment (17.0.10) (build 17.0.10+0--11572160)
# Java VM: OpenJDK 64-Bit Server VM (17.0.10+0--11572160, mixed mode, tiered, compressed oops, compressed class ptrs, g1 gc, windows-amd64)
GC Precious Log:
 CPUs: 12 total, 12 available
 Memory: 6005M
 Large Page Support: Disabled
 NUMA Support: Disabled
 Compressed Oops: Enabled (32-bit)
 Heap Region Size: 1M
 Heap Min Capacity: 8M
 Heap Initial Capacity: 94M
 Heap Max Capacity: 1502M
 Pre-touch: Disabled
 Parallel Workers: 10
 Concurrent Workers: 3
 Concurrent Refinement Workers: 10
 Periodic GC: Disabled
Heap:
 garbage-first heap   total 103424K, used 59377K [0x00000000a2200000, 0x0000000100000000)
  region size 1024K, 3 young (3072K), 3 survivors (3072K)
 Metaspace       used 55809K, committed 56064K, reserved 1114112K
  class space    used 6504K, committed 6592K, reserved 1048576K
GC Heap History (20 events):
Event: 6.259 GC heap after
{Heap after GC invocations=12 (full 0):
 garbage-first heap   total 86016K, used 30510K [0x00000000a2200000, 0x0000000100000000)
  region size 1024K, 6 young (6144K), 6 survivors (6144K)
 Metaspace       used 36738K, committed 36928K, reserved 1114112K
  class space    used 4393K, committed 4480K, reserved 1048576K
}
Event: 8.989 GC heap before
{Heap before GC invocations=12 (full 0):
 garbage-first heap   total 86016K, used 62254K [0x00000000a2200000, 0x0000000100000000)
  region size 1024K, 37 young (37888K), 6 survivors (6144K)
 Metaspace       used 43901K, committed 44160K, reserved 1114112K
  class space    used 5265K, committed 5376K, reserved 1048576K
}
Event: 9.004 GC heap after
{Heap after GC invocations=13 (full 0):
 garbage-first heap   total 86016K, used 34503K [0x00000000a2200000, 0x0000000100000000)
  region size 1024K, 4 young (4096K), 4 survivors (4096K)
 Metaspace       used 43901K, committed 44160K, reserved 1114112K
  class space    used 5265K, committed 5376K, reserved 1048576K
}
Event: 10.155 GC heap before
{Heap before GC invocations=13 (full 0):
 garbage-first heap   total 86016K, used 65223K [0x00000000a2200000, 0x0000000100000000)
  region size 1024K, 33 young (33792K), 4 survivors (4096K)
 Metaspace       used 45962K, committed 46208K, reserved 1114112K
  class space    used 5501K, committed 5632K, reserved 1048576K
}
Event: 10.169 GC heap after
{Heap after GC invocations=14 (full 0):
 garbage-first heap   total 86016K, used 40319K [0x00000000a2200000, 0x0000000100000000)
  region size 1024K, 5 young (5120K), 5 survivors (5120K)
 Metaspace       used 45962K, committed 46208K, reserved 1114112K
  class space    used 5501K, committed 5632K, reserved 1048576K
}
Event: 10.547 GC heap before
{Heap before GC invocations=14 (full 0):
 garbage-first heap   total 86016K, used 65919K [0x00000000a2200000, 0x0000000100000000)
  region size 1024K, 28 young (28672K), 5 survivors (5120K)
 Metaspace       used 47467K, committed 47680K, reserved 1114112K
  class space    used 5678K, committed 5760K, reserved 1048576K
}
Event: 10.558 GC heap after
{Heap after GC invocations=15 (full 0):
 garbage-first heap   total 86016K, used 44229K [0x00000000a2200000, 0x0000000100000000)
  region size 1024K, 2 young (2048K), 2 survivors (2048K)
 Metaspace       used 47467K, committed 47680K, reserved 1114112K
  class space    used 5678K, committed 5760K, reserved 1048576K
}
Event: 11.076 GC heap before
{Heap before GC invocations=15 (full 0):
 garbage-first heap   total 86016K, used 64709K [0x00000000a2200000, 0x0000000100000000)
  region size 1024K, 23 young (23552K), 2 survivors (2048K)
 Metaspace       used 49846K, committed 50112K, reserved 1114112K
  class space    used 5922K, committed 6016K, reserved 1048576K
}
Event: 11.089 GC heap after
{Heap after GC invocations=16 (full 0):
 garbage-first heap   total 103424K, used 48514K [0x00000000a2200000, 0x0000000100000000)
  region size 1024K, 3 young (3072K), 3 survivors (3072K)
 Metaspace       used 49846K, committed 50112K, reserved 1114112K
  class space    used 5922K, committed 6016K, reserved 1048576K
}
Event: 12.008 GC heap before
{Heap before GC invocations=17 (full 0):
 garbage-first heap   total 103424K, used 77186K [0x00000000a2200000, 0x0000000100000000)
  region size 1024K, 31 young (31744K), 3 survivors (3072K)
 Metaspace       used 52514K, committed 52736K, reserved 1114112K
  class space    used 6119K, committed 6208K, reserved 1048576K
}
Event: 12.024 GC heap after
{Heap after GC invocations=18 (full 0):
 garbage-first heap   total 103424K, used 54197K [0x00000000a2200000, 0x0000000100000000)
  region size 1024K, 4 young (4096K), 4 survivors (4096K)
 Metaspace       used 52514K, committed 52736K, reserved 1114112K
  class space    used 6119K, committed 6208K, reserved 1048576K
}
Event: 12.039 GC heap before
{Heap before GC invocations=18 (full 0):
 garbage-first heap   total 103424K, used 55221K [0x00000000a2200000, 0x0000000100000000)
  region size 1024K, 5 young (5120K), 4 survivors (4096K)
 Metaspace       used 52524K, committed 52736K, reserved 1114112K
  class space    used 6119K, committed 6208K, reserved 1048576K
}
Event: 12.053 GC heap after
{Heap after GC invocations=19 (full 0):
 garbage-first heap   total 103424K, used 51705K [0x00000000a2200000, 0x0000000100000000)
  region size 1024K, 1 young (1024K), 1 survivors (1024K)
 Metaspace       used 52524K, committed 52736K, reserved 1114112K
  class space    used 6119K, committed 6208K, reserved 1048576K
}
Event: 12.425 GC heap before
{Heap before GC invocations=19 (full 0):
 garbage-first heap   total 103424K, used 78329K [0x00000000a2200000, 0x0000000100000000)
  region size 1024K, 27 young (27648K), 1 survivors (1024K)
 Metaspace       used 52907K, committed 53120K, reserved 1114112K
  class space    used 6133K, committed 6208K, reserved 1048576K
}
Event: 12.438 GC heap after
{Heap after GC invocations=20 (full 0):
 garbage-first heap   total 103424K, used 56234K [0x00000000a2200000, 0x0000000100000000)
  region size 1024K, 4 young (4096K), 4 survivors (4096K)
 Metaspace       used 52907K, committed 53120K, reserved 1114112K
  class space    used 6133K, committed 6208K, reserved 1048576K
}
Event: 12.577 GC heap before
{Heap before GC invocations=21 (full 0):
 garbage-first heap   total 103424K, used 79786K [0x00000000a2200000, 0x0000000100000000)
  region size 1024K, 27 young (27648K), 4 survivors (4096K)
 Metaspace       used 53091K, committed 53376K, reserved 1114112K
  class space    used 6150K, committed 6272K, reserved 1048576K
}
Event: 12.589 GC heap after
{Heap after GC invocations=22 (full 0):
 garbage-first heap   total 103424K, used 58825K [0x00000000a2200000, 0x0000000100000000)
  region size 1024K, 3 young (3072K), 3 survivors (3072K)
 Metaspace       used 53091K, committed 53376K, reserved 1114112K
  class space    used 6150K, committed 6272K, reserved 1048576K
}
Event: 12.594 GC heap before
{Heap before GC invocations=22 (full 0):
 garbage-first heap   total 103424K, used 60873K [0x00000000a2200000, 0x0000000100000000)
  region size 1024K, 5 young (5120K), 3 survivors (3072K)
 Metaspace       used 53091K, committed 53376K, reserved 1114112K
  class space    used 6150K, committed 6272K, reserved 1048576K
}
Event: 12.601 GC heap after
{Heap after GC invocations=23 (full 0):
 garbage-first heap   total 103424K, used 57751K [0x00000000a2200000, 0x0000000100000000)
  region size 1024K, 1 young (1024K), 1 survivors (1024K)
 Metaspace       used 53091K, committed 53376K, reserved 1114112K
  class space    used 6150K, committed 6272K, reserved 1048576K
}
Event: 13.890 GC heap before
{Heap before GC invocations=23 (full 0):
 garbage-first heap   total 103424K, used 81303K [0x00000000a2200000, 0x0000000100000000)
  region size 1024K, 24 young (24576K), 1 survivors (1024K)
 Metaspace       used 55809K, committed 56064K, reserved 1114112K
  class space    used 6504K, committed 6592K, reserved 1048576K
}

