# JRE version: OpenJDK Runtime Environment (17.0.10) (build 17.0.10+0--11572160)
# Java VM: OpenJDK 64-Bit Server VM (17.0.10+0--11572160, mixed mode, tiered, compressed oops, compressed class ptrs, g1 gc, windows-amd64)
GC Precious Log:
 CPUs: 12 total, 12 available
 Memory: 6005M
 Large Page Support: Disabled
 NUMA Support: Disabled
 Compressed Oops: Enabled (32-bit)
 Heap Region Size: 1M
 Heap Min Capacity: 8M
 Heap Initial Capacity: 94M
 Heap Max Capacity: 1502M
 Pre-touch: Disabled
 Parallel Workers: 10
 Concurrent Workers: 3
 Concurrent Refinement Workers: 10
 Periodic GC: Disabled
Heap:
 garbage-first heap   total 415744K, used 193449K [0x00000000a2200000, 0x0000000100000000)
  region size 1024K, 50 young (51200K), 9 survivors (9216K)
 Metaspace       used 91107K, committed 91392K, reserved 1179648K
  class space    used 9798K, committed 9920K, reserved 1048576K
GC Heap History (20 events):
Event: 44.605 GC heap before
{Heap before GC invocations=22 (full 0):
 garbage-first heap   total 178176K, used 139044K [0x00000000a2200000, 0x0000000100000000)
  region size 1024K, 62 young (63488K), 7 survivors (7168K)
 Metaspace       used 67062K, committed 67264K, reserved 1114112K
  class space    used 7648K, committed 7744K, reserved 1048576K
}
Event: 44.623 GC heap after
{Heap after GC invocations=23 (full 0):
 garbage-first heap   total 178176K, used 88539K [0x00000000a2200000, 0x0000000100000000)
  region size 1024K, 6 young (6144K), 6 survivors (6144K)
 Metaspace       used 67062K, committed 67264K, reserved 1114112K
  class space    used 7648K, committed 7744K, reserved 1048576K
}
Event: 46.052 GC heap before
{Heap before GC invocations=23 (full 0):
 garbage-first heap   total 178176K, used 140763K [0x00000000a2200000, 0x0000000100000000)
  region size 1024K, 57 young (58368K), 6 survivors (6144K)
 Metaspace       used 73414K, committed 73664K, reserved 1179648K
  class space    used 8305K, committed 8384K, reserved 1048576K
}
Event: 46.066 GC heap after
{Heap after GC invocations=24 (full 0):
 garbage-first heap   total 178176K, used 91136K [0x00000000a2200000, 0x0000000100000000)
  region size 1024K, 3 young (3072K), 3 survivors (3072K)
 Metaspace       used 73414K, committed 73664K, reserved 1179648K
  class space    used 8305K, committed 8384K, reserved 1048576K
}
Event: 46.898 GC heap before
{Heap before GC invocations=25 (full 0):
 garbage-first heap   total 178176K, used 144384K [0x00000000a2200000, 0x0000000100000000)
  region size 1024K, 55 young (56320K), 3 survivors (3072K)
 Metaspace       used 74196K, committed 74432K, reserved 1179648K
  class space    used 8372K, committed 8448K, reserved 1048576K
}
Event: 46.906 GC heap after
{Heap after GC invocations=26 (full 0):
 garbage-first heap   total 178176K, used 95096K [0x00000000a2200000, 0x0000000100000000)
  region size 1024K, 7 young (7168K), 7 survivors (7168K)
 Metaspace       used 74196K, committed 74432K, reserved 1179648K
  class space    used 8372K, committed 8448K, reserved 1048576K
}
Event: 46.912 GC heap before
{Heap before GC invocations=26 (full 0):
 garbage-first heap   total 178176K, used 96120K [0x00000000a2200000, 0x0000000100000000)
  region size 1024K, 8 young (8192K), 7 survivors (7168K)
 Metaspace       used 74196K, committed 74432K, reserved 1179648K
  class space    used 8372K, committed 8448K, reserved 1048576K
}
Event: 46.920 GC heap after
{Heap after GC invocations=27 (full 0):
 garbage-first heap   total 178176K, used 94452K [0x00000000a2200000, 0x0000000100000000)
  region size 1024K, 1 young (1024K), 1 survivors (1024K)
 Metaspace       used 74196K, committed 74432K, reserved 1179648K
  class space    used 8372K, committed 8448K, reserved 1048576K
}
Event: 47.322 GC heap before
{Heap before GC invocations=27 (full 0):
 garbage-first heap   total 178176K, used 144628K [0x00000000a2200000, 0x0000000100000000)
  region size 1024K, 50 young (51200K), 1 survivors (1024K)
 Metaspace       used 74298K, committed 74560K, reserved 1179648K
  class space    used 8372K, committed 8448K, reserved 1048576K
}
Event: 47.328 GC heap after
{Heap after GC invocations=28 (full 0):
 garbage-first heap   total 178176K, used 97278K [0x00000000a2200000, 0x0000000100000000)
  region size 1024K, 4 young (4096K), 4 survivors (4096K)
 Metaspace       used 74298K, committed 74560K, reserved 1179648K
  class space    used 8372K, committed 8448K, reserved 1048576K
}
Event: 47.675 GC heap before
{Heap before GC invocations=29 (full 0):
 garbage-first heap   total 179200K, used 146430K [0x00000000a2200000, 0x0000000100000000)
  region size 1024K, 52 young (53248K), 4 survivors (4096K)
 Metaspace       used 74345K, committed 74560K, reserved 1179648K
  class space    used 8373K, committed 8448K, reserved 1048576K
}
Event: 47.682 GC heap after
{Heap after GC invocations=30 (full 0):
 garbage-first heap   total 179200K, used 100899K [0x00000000a2200000, 0x0000000100000000)
  region size 1024K, 7 young (7168K), 7 survivors (7168K)
 Metaspace       used 74345K, committed 74560K, reserved 1179648K
  class space    used 8373K, committed 8448K, reserved 1048576K
}
Event: 47.690 GC heap before
{Heap before GC invocations=30 (full 0):
 garbage-first heap   total 179200K, used 101923K [0x00000000a2200000, 0x0000000100000000)
  region size 1024K, 8 young (8192K), 7 survivors (7168K)
 Metaspace       used 74348K, committed 74560K, reserved 1179648K
  class space    used 8373K, committed 8448K, reserved 1048576K
}
Event: 47.699 GC heap after
{Heap after GC invocations=31 (full 0):
 garbage-first heap   total 415744K, used 100578K [0x00000000a2200000, 0x0000000100000000)
  region size 1024K, 1 young (1024K), 1 survivors (1024K)
 Metaspace       used 74348K, committed 74560K, reserved 1179648K
  class space    used 8373K, committed 8448K, reserved 1048576K
}
Event: 51.355 GC heap before
{Heap before GC invocations=31 (full 0):
 garbage-first heap   total 415744K, used 321762K [0x00000000a2200000, 0x0000000100000000)
  region size 1024K, 216 young (221184K), 1 survivors (1024K)
 Metaspace       used 83880K, committed 84160K, reserved 1179648K
  class space    used 9333K, committed 9472K, reserved 1048576K
}
Event: 51.391 GC heap after
{Heap after GC invocations=32 (full 0):
 garbage-first heap   total 415744K, used 141969K [0x00000000a2200000, 0x0000000100000000)
  region size 1024K, 27 young (27648K), 27 survivors (27648K)
 Metaspace       used 83880K, committed 84160K, reserved 1179648K
  class space    used 9333K, committed 9472K, reserved 1048576K
}
Event: 52.863 GC heap before
{Heap before GC invocations=32 (full 0):
 garbage-first heap   total 415744K, used 257681K [0x00000000a2200000, 0x0000000100000000)
  region size 1024K, 140 young (143360K), 27 survivors (27648K)
 Metaspace       used 85983K, committed 86208K, reserved 1179648K
  class space    used 9430K, committed 9536K, reserved 1048576K
}
Event: 52.880 GC heap after
{Heap after GC invocations=33 (full 0):
 garbage-first heap   total 415744K, used 148681K [0x00000000a2200000, 0x0000000100000000)
  region size 1024K, 6 young (6144K), 6 survivors (6144K)
 Metaspace       used 85983K, committed 86208K, reserved 1179648K
  class space    used 9430K, committed 9536K, reserved 1048576K
}
Event: 54.128 GC heap before
{Heap before GC invocations=33 (full 0):
 garbage-first heap   total 415744K, used 283849K [0x00000000a2200000, 0x0000000100000000)
  region size 1024K, 137 young (140288K), 6 survivors (6144K)
 Metaspace       used 89941K, committed 90240K, reserved 1179648K
  class space    used 9749K, committed 9856K, reserved 1048576K
}
Event: 54.138 GC heap after
{Heap after GC invocations=34 (full 0):
 garbage-first heap   total 415744K, used 152489K [0x00000000a2200000, 0x0000000100000000)
  region size 1024K, 9 young (9216K), 9 survivors (9216K)
 Metaspace       used 89941K, committed 90240K, reserved 1179648K
  class space    used 9749K, committed 9856K, reserved 1048576K
}

